{
  "RSpec": {
    "coverage": {
      "/home/carol/HW4/app/helpers/application_helper.rb": {
        "lines": [
          1,
          null
        ]
      },
      "/home/carol/HW4/app/controllers/movies_controller.rb": {
        "lines": [
          1,
          1,
          null,
          3,
          null,
          null,
          3,
          null,
          null,
          3,
          null,
          null,
          3,
          1,
          null,
          2,
          null,
          null,
          null,
          3,
          null,
          null,
          1,
          0,
          0,
          null,
          null,
          1,
          null,
          3,
          null,
          3,
          2,
          2,
          null,
          null,
          null,
          1,
          null,
          null,
          1,
          1,
          null,
          1,
          4,
          null,
          4,
          2,
          2,
          null,
          null,
          2,
          null,
          null,
          1,
          0,
          null,
          1,
          3,
          null,
          3,
          1,
          1,
          null,
          null,
          2,
          null,
          null,
          1,
          2,
          2,
          null,
          2,
          2,
          null,
          1,
          1,
          null,
          7,
          null
        ]
      },
      "/home/carol/HW4/app/controllers/application_controller.rb": {
        "lines": [
          1,
          null,
          1,
          null
        ]
      },
      "/home/carol/HW4/app/models/movie.rb": {
        "lines": [
          1,
          1,
          1,
          6,
          null,
          null,
          1,
          null,
          2,
          null
        ]
      },
      "/home/carol/HW4/app/jobs/application_job.rb": {
        "lines": [
          0,
          null,
          null,
          null,
          null,
          null,
          0
        ],
        "branches": {}
      },
      "/home/carol/HW4/app/mailers/application_mailer.rb": {
        "lines": [
          0,
          0,
          0,
          0
        ],
        "branches": {}
      },
      "/home/carol/HW4/app/models/application_record.rb": {
        "lines": [
          0,
          0,
          0
        ],
        "branches": {}
      }
    },
    "timestamp": 1762447872
  },
  "Cucumber Features": {
    "coverage": {
      "/home/carol/HW4/app/models/movie.rb": {
        "lines": [
          1,
          1,
          19,
          null,
          null,
          1,
          null,
          1,
          null,
          null
        ]
      },
      "/home/carol/HW4/app/controllers/movies_controller.rb": {
        "lines": [
          1,
          1,
          null,
          9,
          null,
          null,
          9,
          null,
          null,
          9,
          null,
          null,
          9,
          7,
          null,
          2,
          null,
          null,
          null,
          9,
          null,
          null,
          1,
          4,
          4,
          null,
          null,
          1,
          null,
          2,
          null,
          2,
          1,
          1,
          null,
          null,
          null,
          1,
          null,
          null,
          1,
          1,
          null,
          1,
          1,
          null,
          1,
          1,
          1,
          null,
          null,
          0,
          null,
          null,
          1,
          1,
          null,
          1,
          null
        ]
      },
      "/home/carol/HW4/app/controllers/application_controller.rb": {
        "lines": [
          1,
          null,
          1,
          null
        ]
      },
      "/home/carol/HW4/app/helpers/application_helper.rb": {
        "lines": [
          1,
          null
        ]
      },
      "/home/carol/HW4/app/jobs/application_job.rb": {
        "lines": [
          0,
          null,
          null,
          null,
          null,
          null,
          0
        ],
        "branches": {}
      },
      "/home/carol/HW4/app/mailers/application_mailer.rb": {
        "lines": [
          0,
          0,
          0,
          0
        ],
        "branches": {}
      },
      "/home/carol/HW4/app/models/application_record.rb": {
        "lines": [
          0,
          0,
          0
        ],
        "branches": {}
      }
    },
    "timestamp": 1762447350
  }
}
